<?xml version="1.0" encoding="UTF-8"?>
<!-- Generated by org.testng.reporters.JUnitReportReporter -->
<testsuite hostname="DESKTOP-DGC7O92" failures="0" tests="1" name="MyTestCase.SignUp" time="9.125" errors="0" timestamp="2023-10-23T18:10:08 EET" skipped="0">
  <testcase classname="MyTestCase.SignUp" name="myTest" time="9.125"/>
  <system-out/>
</testsuite> <!-- MyTestCase.SignUp -->
